Command line:
   ROM_512x32Bit_isim_beh.exe
     -simmode  gui
     -simrunnum  0
     -socket  51748

Sun Feb 14 16:15:06 2016


 Elaboration Time: 0.09375 sec

 Current Memory Usage: 1495.24 Meg

 Total Signals          : 2
 Total Nets             : 64
 Total Signal Drivers   : 1
 Total Blocks           : 4
 Total Primitive Blocks : 4
 Total Processes        : 1
 Total Traceable Variables  : 13
 Total Scalar Nets and Variables : 547
Total Line Count : 29

 Total Simulation Time: 0.109375 sec

 Current Memory Usage: 1495.24 Meg

Sun Feb 14 16:15:22 2016

